#
# A fatal error has been detected by the Java Runtime Environment:
#
#  SIGSEGV (0xb) at pc=0x00007f6ffdbce140, pid=10210, tid=140118800099072
#
# JRE version: 6.0_20-b20
# Java VM: OpenJDK 64-Bit Server VM (19.0-b09 mixed mode linux-amd64 compressed oops)
# Derivative: IcedTea6 1.9.5
# Distribution: Ubuntu 10.10, package 6b20-1.9.5-0ubuntu1
# Problematic frame:
# V  [libjvm.so+0x544140]
#
# If you would like to submit a bug report, please include
# instructions how to reproduce the bug and visit:
#   https://bugs.launchpad.net/ubuntu/+source/openjdk-6/
#

---------------  T H R E A D  ---------------

Current thread (0x0000000001eba800):  JavaThread "CompilerThread0" daemon [_thread_in_native, id=10220, stack(0x00007f6ff33e6000,0x00007f6ff34e7000)]

siginfo:si_signo=SIGSEGV: si_errno=0, si_code=1 (SEGV_MAPERR), si_addr=0x0000000000000008

Registers:
RAX=0x0000000000000000, RBX=0x00007f6ff34e3a30, RCX=0x0000000002634660, RDX=0x0000000000002000
RSP=0x00007f6ff34e2240, RBP=0x00007f6ff34e2280, RSI=0x00000000021b1cc0, RDI=0x0000000000000000
R8 =0x0000000002e6f4e0, R9 =0x00007f6ff34e3a30, R10=0x000000000298d838, R11=0x0000000000000000
R12=0x0000000002125840, R13=0x000000000298d838, R14=0x00007f6ff34e3a50, R15=0x00000000029b7078
RIP=0x00007f6ffdbce140, EFL=0x0000000000010206, CSGSFS=0x0000000000000033, ERR=0x0000000000000004
  TRAPNO=0x000000000000000e

Register to memory mapping:

RAX=0x0000000000000000
0x0000000000000000 is pointing to unknown location

RBX=0x00007f6ff34e3a30
0x00007f6ff34e3a30 is pointing into the stack for thread: 0x0000000001eba800
"CompilerThread0" daemon prio=10 tid=0x0000000001eba800 nid=0x27ec runnable [0x0000000000000000]
   java.lang.Thread.State: RUNNABLE

RCX=0x0000000002634660
0x0000000002634660 is pointing to unknown location

RDX=0x0000000000002000
0x0000000000002000 is pointing to unknown location

RSP=0x00007f6ff34e2240
0x00007f6ff34e2240 is pointing into the stack for thread: 0x0000000001eba800
"CompilerThread0" daemon prio=10 tid=0x0000000001eba800 nid=0x27ec runnable [0x0000000000000000]
   java.lang.Thread.State: RUNNABLE

RBP=0x00007f6ff34e2280
0x00007f6ff34e2280 is pointing into the stack for thread: 0x0000000001eba800
"CompilerThread0" daemon prio=10 tid=0x0000000001eba800 nid=0x27ec runnable [0x0000000000000000]
   java.lang.Thread.State: RUNNABLE

RSI=0x00000000021b1cc0
0x00000000021b1cc0 is pointing to unknown location

RDI=0x0000000000000000
0x0000000000000000 is pointing to unknown location

R8 =0x0000000002e6f4e0
0x0000000002e6f4e0 is pointing to unknown location

R9 =0x00007f6ff34e3a30
0x00007f6ff34e3a30 is pointing into the stack for thread: 0x0000000001eba800
"CompilerThread0" daemon prio=10 tid=0x0000000001eba800 nid=0x27ec runnable [0x0000000000000000]
   java.lang.Thread.State: RUNNABLE

R10=0x000000000298d838
0x000000000298d838 is pointing to unknown location

R11=0x0000000000000000
0x0000000000000000 is pointing to unknown location

R12=0x0000000002125840
0x0000000002125840 is pointing to unknown location

R13=0x000000000298d838
0x000000000298d838 is pointing to unknown location

R14=0x00007f6ff34e3a50
0x00007f6ff34e3a50 is pointing into the stack for thread: 0x0000000001eba800
"CompilerThread0" daemon prio=10 tid=0x0000000001eba800 nid=0x27ec runnable [0x0000000000000000]
   java.lang.Thread.State: RUNNABLE

R15=0x00000000029b7078
0x00000000029b7078 is pointing to unknown location


Top of Stack: (sp=0x00007f6ff34e2240)
0x00007f6ff34e2240:   0000000000000800 0000000002d4b868
0x00007f6ff34e2250:   00007f6ff34e2280 00007f6ff34e3a30
0x00007f6ff34e2260:   0000000000000002 0000000002125840
0x00007f6ff34e2270:   00000000029be958 00007f6ff34e2520
0x00007f6ff34e2280:   00007f6ff34e22f0 00007f6ffdbce6cb
0x00007f6ff34e2290:   0000000000000020 0000000000000100
0x00007f6ff34e22a0:   00007f6f00000001 00007f6ff34e43d0
0x00007f6ff34e22b0:   00007f6ff34e2500 00007f6ff34e2560
0x00007f6ff34e22c0:   0000000000001804 00007f6ff34e3a30
0x00007f6ff34e22d0:   00007f6ff34e2500 00007f6ff34e2560
0x00007f6ff34e22e0:   0000000000000007 0000000000000001
0x00007f6ff34e22f0:   00007f6ff34e25b0 00007f6ffdbd26bd
0x00007f6ff34e2300:   0000000002988098 0000000002c031a0
0x00007f6ff34e2310:   00000000000017f2 000000000000c090
0x00007f6ff34e2320:   00007f6ffe175e54 00007f6ff34e2520
0x00007f6ff34e2330:   00007f6ff34e2390 00007f6ff34e2540
0x00007f6ff34e2340:   0000000001df5cc0 0000491700988098
0x00007f6ff34e2350:   0000000000000000 00000000fdd6e778
0x00007f6ff34e2360:   0000000000000000 000000000000000c
0x00007f6ff34e2370:   00007f6ff34e23c0 00007f6ffdc42307
0x00007f6ff34e2380:   00007f6ffe194608 0000000000000004
0x00007f6ff34e2390:   00007f6ff34e23c0 0000000002ace868
0x00007f6ff34e23a0:   00007f6ff34e23d0 00007f6ffdc419c4
0x00007f6ff34e23b0:   00000000029b9760 00007f6ff34e24d8
0x00007f6ff34e23c0:   00007f6ff34e23d0 000000000001ffc0
0x00007f6ff34e23d0:   000000000000ffa0 00007f6ffda71e21
0x00007f6ff34e23e0:   00000000029b97a0 0000000002c45900
0x00007f6ff34e23f0:   0000000002c61e00 00007f6ffe545e40
0x00007f6ff34e2400:   00007f6ff34e2490 0000000000010010
0x00007f6ff34e2410:   0000000002c79b70 0000000000010000
0x00007f6ff34e2420:   00007f6ff34e4490 00007f6ffe24338e
0x00007f6ff34e2430:   00007f6ff34e2520 00007f6ffda72842 

Instructions: (pc=0x00007f6ffdbce140)
0x00007f6ffdbce130:   89 f6 48 c1 e6 03 48 03 b3 e0 09 00 00 48 8b 06
0x00007f6ffdbce140:   48 8b 50 08 48 83 3a 00 75 27 8b 4b 28 eb 01 90 

Stack: [0x00007f6ff33e6000,0x00007f6ff34e7000],  sp=0x00007f6ff34e2240,  free space=1008k
Native frames: (J=compiled Java code, j=interpreted, Vv=VM code, C=native code)
V  [libjvm.so+0x544140]
V  [libjvm.so+0x5446cb]
V  [libjvm.so+0x5486bd]
V  [libjvm.so+0x2e8899]
V  [libjvm.so+0x2e9401]
V  [libjvm.so+0x26f63c]
V  [libjvm.so+0x2edc0a]
V  [libjvm.so+0x2ee3f5]
V  [libjvm.so+0x6d7c5b]
V  [libjvm.so+0x5d7a52]


Current CompileTask:
C2:814      jregex.Pretokenizer.next()V (1064 bytes)


---------------  P R O C E S S  ---------------

Java Threads: ( => current thread )
  0x00007f6ff41a3800 JavaThread "File Reaper" daemon [_thread_blocked, id=10255, stack(0x00007f6ff20d8000,0x00007f6ff21d9000)]
  0x00007f6fec4db000 JavaThread "com.mchange.v2.async.ThreadPoolAsynchronousRunner$PoolThread-#2" daemon [_thread_blocked, id=10232, stack(0x00007f6ff21de000,0x00007f6ff22df000)]
  0x00007f6fec3ab000 JavaThread "com.mchange.v2.async.ThreadPoolAsynchronousRunner$PoolThread-#1" daemon [_thread_blocked, id=10231, stack(0x00007f6ff22df000,0x00007f6ff23e0000)]
  0x00007f6fec3f7800 JavaThread "com.mchange.v2.async.ThreadPoolAsynchronousRunner$PoolThread-#0" daemon [_thread_blocked, id=10230, stack(0x00007f6ff23e0000,0x00007f6ff24e1000)]
  0x00007f6fec3e9800 JavaThread "Timer-0" daemon [_thread_blocked, id=10229, stack(0x00007f6ff24e1000,0x00007f6ff25e2000)]
  0x00007f6fec368800 JavaThread "net.sf.ehcache.CacheManager@6b6c14c0" daemon [_thread_blocked, id=10228, stack(0x00007f6ff27e9000,0x00007f6ff28ea000)]
  0x00000000021da000 JavaThread "pool-5-thread-1" [_thread_in_Java, id=10227, stack(0x00007f6ff28ea000,0x00007f6ff29eb000)]
  0x00007f6fec1ad800 JavaThread "New I/O server worker #1-1" [_thread_in_native, id=10226, stack(0x00007f6ff29eb000,0x00007f6ff2aec000)]
  0x00007f6fec170000 JavaThread "DestroyJavaVM" [_thread_blocked, id=10211, stack(0x00007f6ffee85000,0x00007f6ffef86000)]
  0x00007f6fec124800 JavaThread "New I/O server boss #1 ([id: 0x64e265d0, /0:0:0:0:0:0:0:0:9000])" [_thread_in_native, id=10224, stack(0x00007f6ff2aec000,0x00007f6ff2bed000)]
  0x0000000001ec0000 JavaThread "Low Memory Detector" daemon [_thread_blocked, id=10222, stack(0x00007f6ff31e4000,0x00007f6ff32e5000)]
  0x0000000001ebd800 JavaThread "CompilerThread1" daemon [_thread_in_native, id=10221, stack(0x00007f6ff32e5000,0x00007f6ff33e6000)]
=>0x0000000001eba800 JavaThread "CompilerThread0" daemon [_thread_in_native, id=10220, stack(0x00007f6ff33e6000,0x00007f6ff34e7000)]
  0x0000000001ea5000 JavaThread "JDWP Event Helper Thread" daemon [_thread_blocked, id=10219, stack(0x00007f6ff34e7000,0x00007f6ff35e8000)]
  0x0000000001ea1800 JavaThread "JDWP Transport Listener: dt_socket" daemon [_thread_in_native, id=10218, stack(0x00007f6ff35e8000,0x00007f6ff36e9000)]
  0x0000000001e6f800 JavaThread "Signal Dispatcher" daemon [_thread_blocked, id=10217, stack(0x00007f6ff38f9000,0x00007f6ff39fa000)]
  0x0000000001e4c800 JavaThread "Finalizer" daemon [_thread_blocked, id=10216, stack(0x00007f6ff39fa000,0x00007f6ff3afb000)]
  0x0000000001e4a800 JavaThread "Reference Handler" daemon [_thread_blocked, id=10215, stack(0x00007f6ff3afb000,0x00007f6ff3bfc000)]

Other Threads:
  0x0000000001e44000 VMThread [stack: 0x00007f6ff3bfc000,0x00007f6ff3cfd000] [id=10214]
  0x0000000001eca800 WatcherThread [stack: 0x00007f6ff30e3000,0x00007f6ff31e4000] [id=10223]

VM state:not at safepoint (normal execution)

VM Mutex/Monitor currently owned by a thread: None

Heap
 PSYoungGen      total 115008K, used 26845K [0x00000000eb800000, 0x00000000f8260000, 0x0000000100000000)
  eden space 112448K, 21% used [0x00000000eb800000,0x00000000ecfbb480,0x00000000f25d0000)
  from space 2560K, 99% used [0x00000000f7480000,0x00000000f76fc2f8,0x00000000f7700000)
  to   space 10624K, 0% used [0x00000000f7800000,0x00000000f7800000,0x00000000f8260000)
 PSOldGen        total 41984K, used 18002K [0x00000000c2800000, 0x00000000c5100000, 0x00000000eb800000)
  object space 41984K, 42% used [0x00000000c2800000,0x00000000c3994b78,0x00000000c5100000)
 PSPermGen       total 45632K, used 45572K [0x00000000b8200000, 0x00000000bae90000, 0x00000000c2800000)
  object space 45632K, 99% used [0x00000000b8200000,0x00000000bae81118,0x00000000bae90000)

Dynamic libraries:
00400000-00409000 r-xp 00000000 07:00 140393                             /usr/lib/jvm/java-6-openjdk/jre/bin/java
00608000-00609000 r--p 00008000 07:00 140393                             /usr/lib/jvm/java-6-openjdk/jre/bin/java
00609000-0060a000 rw-p 00009000 07:00 140393                             /usr/lib/jvm/java-6-openjdk/jre/bin/java
01dd1000-042ee000 rw-p 00000000 00:00 0                                  [heap]
b8200000-bae90000 rw-p 00000000 00:00 0 
bae90000-c2800000 rw-p 00000000 00:00 0 
c2800000-c5100000 rw-p 00000000 00:00 0 
c5100000-eb800000 rw-p 00000000 00:00 0 
eb800000-f8260000 rw-p 00000000 00:00 0 
f8260000-f8c50000 ---p 00000000 00:00 0 
f8c50000-100000000 rw-p 00000000 00:00 0 
7f6fec000000-7f6fedd34000 rw-p 00000000 00:00 0 
7f6fedd34000-7f6ff0000000 ---p 00000000 00:00 0 
7f6ff20d8000-7f6ff20db000 ---p 00000000 00:00 0 
7f6ff20db000-7f6ff21d9000 rw-p 00000000 00:00 0 
7f6ff21d9000-7f6ff21dc000 r--s 00031000 07:00 139393                     /usr/lib/jvm/java-6-openjdk/jre/lib/ext/sunjce_provider.jar
7f6ff21dc000-7f6ff21de000 r--s 00013000 07:00 139423                     /usr/lib/jvm/java-6-openjdk/jre/lib/jce.jar
7f6ff21de000-7f6ff21e1000 ---p 00000000 00:00 0 
7f6ff21e1000-7f6ff22df000 rw-p 00000000 00:00 0 
7f6ff22df000-7f6ff22e2000 ---p 00000000 00:00 0 
7f6ff22e2000-7f6ff23e0000 rw-p 00000000 00:00 0 
7f6ff23e0000-7f6ff23e3000 ---p 00000000 00:00 0 
7f6ff23e3000-7f6ff24e1000 rw-p 00000000 00:00 0 
7f6ff24e1000-7f6ff24e4000 ---p 00000000 00:00 0 
7f6ff24e4000-7f6ff25e2000 rw-p 00000000 00:00 0 
7f6ff25e2000-7f6ff25e8000 r-xp 00000000 07:00 140472                     /usr/lib/jvm/java-6-openjdk/jre/lib/amd64/libmanagement.so
7f6ff25e8000-7f6ff27e7000 ---p 00006000 07:00 140472                     /usr/lib/jvm/java-6-openjdk/jre/lib/amd64/libmanagement.so
7f6ff27e7000-7f6ff27e8000 r--p 00005000 07:00 140472                     /usr/lib/jvm/java-6-openjdk/jre/lib/amd64/libmanagement.so
7f6ff27e8000-7f6ff27e9000 rw-p 00006000 07:00 140472                     /usr/lib/jvm/java-6-openjdk/jre/lib/amd64/libmanagement.so
7f6ff27e9000-7f6ff27ec000 ---p 00000000 00:00 0 
7f6ff27ec000-7f6ff28ea000 rw-p 00000000 00:00 0 
7f6ff28ea000-7f6ff28ed000 ---p 00000000 00:00 0 
7f6ff28ed000-7f6ff29eb000 rw-p 00000000 00:00 0 
7f6ff29eb000-7f6ff29ee000 ---p 00000000 00:00 0 
7f6ff29ee000-7f6ff2aec000 rw-p 00000000 00:00 0 
7f6ff2aec000-7f6ff2aef000 ---p 00000000 00:00 0 
7f6ff2aef000-7f6ff2bed000 rw-p 00000000 00:00 0 
7f6ff2bed000-7f6ff2bf5000 r-xp 00000000 07:00 140411                     /usr/lib/jvm/java-6-openjdk/jre/lib/amd64/libnio.so
7f6ff2bf5000-7f6ff2df4000 ---p 00008000 07:00 140411                     /usr/lib/jvm/java-6-openjdk/jre/lib/amd64/libnio.so
7f6ff2df4000-7f6ff2df5000 r--p 00007000 07:00 140411                     /usr/lib/jvm/java-6-openjdk/jre/lib/amd64/libnio.so
7f6ff2df5000-7f6ff2df6000 rw-p 00008000 07:00 140411                     /usr/lib/jvm/java-6-openjdk/jre/lib/amd64/libnio.so
7f6ff2df6000-7f6ff2e0b000 r-xp 00000000 07:00 140431                     /usr/lib/jvm/java-6-openjdk/jre/lib/amd64/libnet.so
7f6ff2e0b000-7f6ff300a000 ---p 00015000 07:00 140431                     /usr/lib/jvm/java-6-openjdk/jre/lib/amd64/libnet.so
7f6ff300a000-7f6ff300b000 r--p 00014000 07:00 140431                     /usr/lib/jvm/java-6-openjdk/jre/lib/amd64/libnet.so
7f6ff300b000-7f6ff300c000 rw-p 00015000 07:00 140431                     /usr/lib/jvm/java-6-openjdk/jre/lib/amd64/libnet.so
7f6ff300c000-7f6ff300d000 r--s 00002000 07:00 678810                     /usr/local/lib/play-1.1.1/framework/lib/slf4j-log4j12-1.6.1.jar
7f6ff300d000-7f6ff3013000 r--s 00067000 07:00 678763                     /usr/local/lib/play-1.1.1/framework/lib/antlr-2.7.6.jar
7f6ff3013000-7f6ff3015000 r--s 0000b000 07:00 678772                     /usr/local/lib/play-1.1.1/framework/lib/commons-fileupload-1.2.jar
7f6ff3015000-7f6ff3017000 r--s 0000d000 07:00 678769                     /usr/local/lib/play-1.1.1/framework/lib/commons-codec-1.4.jar
7f6ff3017000-7f6ff3024000 r--s 0007c000 07:00 678770                     /usr/local/lib/play-1.1.1/framework/lib/commons-collections-3.1.jar
7f6ff3024000-7f6ff302c000 r--s 0008a000 07:00 678789                     /usr/local/lib/play-1.1.1/framework/lib/javassist-3.9.0.GA.jar
7f6ff302c000-7f6ff3053000 r--s 0024c000 07:00 678783                     /usr/local/lib/play-1.1.1/framework/lib/hibernate-core-3.5.6-Final-patched.jar
7f6ff3053000-7f6ff3058000 r--s 00048000 07:00 678776                     /usr/local/lib/play-1.1.1/framework/lib/dom4j-1.6.1.jar
7f6ff3058000-7f6ff3061000 r--s 0005d000 07:00 678784                     /usr/local/lib/play-1.1.1/framework/lib/hibernate-entitymanager-3.5.6-Final.jar
7f6ff3061000-7f6ff3064000 r--s 00018000 07:00 678773                     /usr/local/lib/play-1.1.1/framework/lib/commons-io-1.4.jar
7f6ff3064000-7f6ff3068000 r--s 00025000 07:00 678780                     /usr/local/lib/play-1.1.1/framework/lib/gson-1.4.jar
7f6ff3068000-7f6ff306e000 r--s 00033000 07:00 678811                     /usr/local/lib/play-1.1.1/framework/lib/snakeyaml-1.6.jar
7f6ff306e000-7f6ff3073000 r--s 00036000 07:00 678764                     /usr/local/lib/play-1.1.1/framework/lib/async-http-client-1.4.0.jar
7f6ff3073000-7f6ff3075000 r--s 0000b000 07:00 678794                     /usr/local/lib/play-1.1.1/framework/lib/jj-textile.jar
7f6ff3075000-7f6ff307c000 r--s 00049000 07:00 678806                     /usr/local/lib/play-1.1.1/framework/lib/oval-1.50.jar
7f6ff307c000-7f6ff3081000 r--s 00040000 07:00 678774                     /usr/local/lib/play-1.1.1/framework/lib/commons-lang-2.5.jar
7f6ff3081000-7f6ff3086000 r--s 00014000 07:00 678785                     /usr/local/lib/play-1.1.1/framework/lib/hibernate-jpa-2.0-api-1.0.0.Final.jar
7f6ff3086000-7f6ff3088000 r--s 00001000 07:00 678798                     /usr/local/lib/play-1.1.1/framework/lib/jsr107cache-1.0.jar
7f6ff3088000-7f6ff308a000 r--s 00015000 07:00 678797                     /usr/local/lib/play-1.1.1/framework/lib/jregex-1.2_01.jar
7f6ff308a000-7f6ff308d000 r--s 00011000 07:00 678778                     /usr/local/lib/play-1.1.1/framework/lib/ezmorph-1.0.3.jar
7f6ff308d000-7f6ff3097000 r--s 0006f000 07:00 678777                     /usr/local/lib/play-1.1.1/framework/lib/ehcache-core-2.0.0.jar
7f6ff3097000-7f6ff309d000 r--s 00032000 07:00 678791                     /usr/local/lib/play-1.1.1/framework/lib/jaxen-1.1.jar
7f6ff309d000-7f6ff30a8000 r--s 0008b000 07:00 678766                     /usr/local/lib/play-1.1.1/framework/lib/c3p0-0.9.1.2.jar
7f6ff30a8000-7f6ff30ae000 r--s 00034000 07:00 678800                     /usr/local/lib/play-1.1.1/framework/lib/junit-4.8.1.jar
7f6ff30ae000-7f6ff30d7000 r--s 00403000 07:00 678805                     /usr/local/lib/play-1.1.1/framework/lib/org.eclipse.jdt.core_3.6.0.jar
7f6ff30d7000-7f6ff30d9000 r--s 00005000 07:00 678809                     /usr/local/lib/play-1.1.1/framework/lib/slf4j-api-1.6.1.jar
7f6ff30d9000-7f6ff30dc000 r--s 0000f000 07:00 678807                     /usr/local/lib/play-1.1.1/framework/lib/provided-servlet-2.5.jar
7f6ff30dc000-7f6ff30e1000 r--s 00034000 07:00 678768                     /usr/local/lib/play-1.1.1/framework/lib/commons-beanutils-1.8.3.jar
7f6ff30e1000-7f6ff30e3000 r--s 0000d000 07:00 678775                     /usr/local/lib/play-1.1.1/framework/lib/commons-logging-1.1.1.jar
7f6ff30e3000-7f6ff30e4000 ---p 00000000 00:00 0 
7f6ff30e4000-7f6ff31e4000 rw-p 00000000 00:00 0 
7f6ff31e4000-7f6ff31e7000 ---p 00000000 00:00 0 
7f6ff31e7000-7f6ff32e5000 rw-p 00000000 00:00 0 
7f6ff32e5000-7f6ff32e8000 ---p 00000000 00:00 0 
7f6ff32e8000-7f6ff33e6000 rw-p 00000000 00:00 0 
7f6ff33e6000-7f6ff33e9000 ---p 00000000 00:00 0 
7f6ff33e9000-7f6ff34e7000 rw-p 00000000 00:00 0 
7f6ff34e7000-7f6ff34ea000 ---p 00000000 00:00 0 
7f6ff34ea000-7f6ff35e8000 rw-p 00000000 00:00 0 
7f6ff35e8000-7f6ff35eb000 ---p 00000000 00:00 0 
7f6ff35eb000-7f6ff36e9000 rw-p 00000000 00:00 0 
7f6ff36e9000-7f6ff36ed000 r-xp 00000000 07:00 140409                     /usr/lib/jvm/java-6-openjdk/jre/lib/amd64/libdt_socket.so
7f6ff36ed000-7f6ff38ec000 ---p 00004000 07:00 140409                     /usr/lib/jvm/java-6-openjdk/jre/lib/amd64/libdt_socket.so
7f6ff38ec000-7f6ff38ed000 r--p 00003000 07:00 140409                     /usr/lib/jvm/java-6-openjdk/jre/lib/amd64/libdt_socket.so
7f6ff38ed000-7f6ff38ee000 rw-p 00004000 07:00 140409                     /usr/lib/jvm/java-6-openjdk/jre/lib/amd64/libdt_socket.so
7f6ff38ee000-7f6ff38f1000 r--s 0000f000 07:00 139397                     /usr/lib/jvm/java-6-openjdk/jre/lib/ext/pulse-java.jar
7f6ff38f1000-7f6ff38f9000 r--s 00066000 07:00 426479                     /usr/share/java/gnome-java-bridge.jar
7f6ff38f9000-7f6ff38fc000 ---p 00000000 00:00 0 
7f6ff38fc000-7f6ff39fa000 rw-p 00000000 00:00 0 
7f6ff39fa000-7f6ff39fd000 ---p 00000000 00:00 0 
7f6ff39fd000-7f6ff3afb000 rw-p 00000000 00:00 0 
7f6ff3afb000-7f6ff3afe000 ---p 00000000 00:00 0 
7f6ff3afe000-7f6ff3bfc000 rw-p 00000000 00:00 0 
7f6ff3bfc000-7f6ff3bfd000 ---p 00000000 00:00 0 
7f6ff3bfd000-7f6ff4000000 rw-p 00000000 00:00 0 
7f6ff4000000-7f6ff6097000 rw-p 00000000 00:00 0 
7f6ff6097000-7f6ff8000000 ---p 00000000 00:00 0 
7f6ff8000000-7f6ff804f000 r--s 004b1000 07:00 678779                     /usr/local/lib/play-1.1.1/framework/lib/groovy-all-1.7.1.jar
7f6ff804f000-7f6ff8056000 r--s 000b5000 07:00 678803                     /usr/local/lib/play-1.1.1/framework/lib/mysql-connector-java-5.1.13-bin.jar
7f6ff8056000-7f6ff805f000 r--s 000a6000 07:00 678786                     /usr/local/lib/play-1.1.1/framework/lib/hsqldb-1.8.1.2.jar
7f6ff805f000-7f6ff8064000 r--s 00037000 07:00 678802                     /usr/local/lib/play-1.1.1/framework/lib/memcached-2.4.2.jar
7f6ff8064000-7f6ff806a000 r--s 00054000 07:00 678781                     /usr/local/lib/play-1.1.1/framework/lib/hibernate-annotations-3.5.6-Final.jar
7f6ff806a000-7f6ff806b000 r--s 00000000 07:00 678790                     /usr/local/lib/play-1.1.1/framework/lib/javax.inject-1.0.jar
7f6ff806b000-7f6ff807a000 r--s 00074000 07:00 678796                     /usr/local/lib/play-1.1.1/framework/lib/jodatime-1.6.jar
7f6ff807a000-7f6ff807c000 r--s 0000c000 07:00 678762                     /usr/local/lib/play-1.1.1/framework/lib/activation-1.1.1.jar
7f6ff807c000-7f6ff808b000 r--s 000b1000 07:00 678804                     /usr/local/lib/play-1.1.1/framework/lib/netty-3.2.2.Final.jar
7f6ff808b000-7f6ff8092000 r--s 00038000 07:00 678795                     /usr/local/lib/play-1.1.1/framework/lib/jj-wikitext.jar
7f6ff8092000-7f6ff8097000 r--s 00020000 07:00 678792                     /usr/local/lib/play-1.1.1/framework/lib/jj-imaging.jar
7f6ff8097000-7f6ff80bc000 r--s 00172000 07:00 678765                     /usr/local/lib/play-1.1.1/framework/lib/bcprov-jdk15-145.jar
7f6ff80bc000-7f6ff80be000 r--s 0001d000 07:00 139435                     /usr/lib/jvm/java-6-openjdk/jre/lib/plugin.jar
7f6ff80be000-7f6ff80c3000 r--s 00044000 07:00 139433                     /usr/lib/jvm/java-6-openjdk/jre/lib/netx.jar
7f6ff80c3000-7f6ff80f5000 rw-p 00000000 00:00 0 
7f6ff80f5000-7f6ff8284000 r--s 038bb000 07:00 140480                     /usr/lib/jvm/java-6-openjdk/jre/lib/rt.jar
7f6ff8284000-7f6ff82ac000 rw-p 00000000 00:00 0 
7f6ff82ac000-7f6ff82ad000 ---p 00000000 00:00 0 
7f6ff82ad000-7f6ff83ad000 rw-p 00000000 00:00 0 
7f6ff83ad000-7f6ff83ae000 ---p 00000000 00:00 0 
7f6ff83ae000-7f6ff84c5000 rw-p 00000000 00:00 0 
7f6ff84c5000-7f6ff8501000 rw-p 00000000 00:00 0 
7f6ff8501000-7f6ff8516000 rw-p 00000000 00:00 0 
7f6ff8516000-7f6ff8649000 rw-p 00000000 00:00 0 
7f6ff8649000-7f6ff8660000 rw-p 00000000 00:00 0 
7f6ff8660000-7f6ff869c000 rw-p 00000000 00:00 0 
7f6ff869c000-7f6ff86b1000 rw-p 00000000 00:00 0 
7f6ff86b1000-7f6ff87e4000 rw-p 00000000 00:00 0 
7f6ff87e4000-7f6ff884a000 rw-p 00000000 00:00 0 
7f6ff884a000-7f6ff884f000 ---p 00000000 00:00 0 
7f6ff884f000-7f6ff8888000 rw-p 00000000 00:00 0 
7f6ff8888000-7f6ff8889000 rw-p 00000000 00:00 0 
7f6ff8889000-7f6ff8d89000 rwxp 00000000 00:00 0 
7f6ff8d89000-7f6ffb889000 rw-p 00000000 00:00 0 
7f6ffb889000-7f6ffb890000 r-xp 00000000 07:00 140448                     /usr/lib/jvm/java-6-openjdk/jre/lib/amd64/libzip.so
7f6ffb890000-7f6ffba8f000 ---p 00007000 07:00 140448                     /usr/lib/jvm/java-6-openjdk/jre/lib/amd64/libzip.so
7f6ffba8f000-7f6ffba90000 r--p 00006000 07:00 140448                     /usr/lib/jvm/java-6-openjdk/jre/lib/amd64/libzip.so
7f6ffba90000-7f6ffba91000 rw-p 00007000 07:00 140448                     /usr/lib/jvm/java-6-openjdk/jre/lib/amd64/libzip.so
7f6ffba91000-7f6ffba9d000 r-xp 00000000 07:00 145856                     /lib/libnss_files-2.12.1.so
7f6ffba9d000-7f6ffbc9c000 ---p 0000c000 07:00 145856                     /lib/libnss_files-2.12.1.so
7f6ffbc9c000-7f6ffbc9d000 r--p 0000b000 07:00 145856                     /lib/libnss_files-2.12.1.so
7f6ffbc9d000-7f6ffbc9e000 rw-p 0000c000 07:00 145856                     /lib/libnss_files-2.12.1.so
7f6ffbc9e000-7f6ffbca8000 r-xp 00000000 07:00 145851                     /lib/libnss_nis-2.12.1.so
7f6ffbca8000-7f6ffbea7000 ---p 0000a000 07:00 145851                     /lib/libnss_nis-2.12.1.so
7f6ffbea7000-7f6ffbea8000 r--p 00009000 07:00 145851                     /lib/libnss_nis-2.12.1.so
7f6ffbea8000-7f6ffbea9000 rw-p 0000a000 07:00 145851                     /lib/libnss_nis-2.12.1.so
7f6ffbea9000-7f6ffbeb1000 r-xp 00000000 07:00 145853                     /lib/libnss_compat-2.12.1.so
7f6ffbeb1000-7f6ffc0b0000 ---p 00008000 07:00 145853                     /lib/libnss_compat-2.12.1.so
7f6ffc0b0000-7f6ffc0b1000 r--p 00007000 07:00 145853                     /lib/libnss_compat-2.12.1.so
7f6ffc0b1000-7f6ffc0b2000 rw-p 00008000 07:00 145853                     /lib/libnss_compat-2.12.1.so
7f6ffc0b2000-7f6ffc356000 r--p 00000000 07:00 2413                       /usr/lib/locale/locale-archive
7f6ffc356000-7f6ffc359000 r-xp 00000000 07:00 140437                     /usr/lib/jvm/java-6-openjdk/jre/lib/amd64/libnpt.so
7f6ffc359000-7f6ffc558000 ---p 00003000 07:00 140437                     /usr/lib/jvm/java-6-openjdk/jre/lib/amd64/libnpt.so
7f6ffc558000-7f6ffc559000 r--p 00002000 07:00 140437                     /usr/lib/jvm/java-6-openjdk/jre/lib/amd64/libnpt.so
7f6ffc559000-7f6ffc55a000 rw-p 00003000 07:00 140437                     /usr/lib/jvm/java-6-openjdk/jre/lib/amd64/libnpt.so
7f6ffc55a000-7f6ffc563000 r-xp 00000000 07:00 140440                     /usr/lib/jvm/java-6-openjdk/jre/lib/amd64/libinstrument.so
7f6ffc563000-7f6ffc762000 ---p 00009000 07:00 140440                     /usr/lib/jvm/java-6-openjdk/jre/lib/amd64/libinstrument.so
7f6ffc762000-7f6ffc763000 r--p 00008000 07:00 140440                     /usr/lib/jvm/java-6-openjdk/jre/lib/amd64/libinstrument.so
7f6ffc763000-7f6ffc764000 rw-p 00009000 07:00 140440                     /usr/lib/jvm/java-6-openjdk/jre/lib/amd64/libinstrument.so
7f6ffc764000-7f6ffc79d000 r-xp 00000000 07:00 140436                     /usr/lib/jvm/java-6-openjdk/jre/lib/amd64/libjdwp.so
7f6ffc79d000-7f6ffc99c000 ---p 00039000 07:00 140436                     /usr/lib/jvm/java-6-openjdk/jre/lib/amd64/libjdwp.so
7f6ffc99c000-7f6ffc99d000 r--p 00038000 07:00 140436                     /usr/lib/jvm/java-6-openjdk/jre/lib/amd64/libjdwp.so
7f6ffc99d000-7f6ffc99e000 rw-p 00039000 07:00 140436                     /usr/lib/jvm/java-6-openjdk/jre/lib/amd64/libjdwp.so
7f6ffc99e000-7f6ffc9a6000 r-xp 00000000 07:00 140470                     /usr/lib/jvm/java-6-openjdk/jre/lib/amd64/native_threads/libhpi.so
7f6ffc9a6000-7f6ffcba5000 ---p 00008000 07:00 140470                     /usr/lib/jvm/java-6-openjdk/jre/lib/amd64/native_threads/libhpi.so
7f6ffcba5000-7f6ffcba6000 r--p 00007000 07:00 140470                     /usr/lib/jvm/java-6-openjdk/jre/lib/amd64/native_threads/libhpi.so
7f6ffcba6000-7f6ffcba7000 rw-p 00008000 07:00 140470                     /usr/lib/jvm/java-6-openjdk/jre/lib/amd64/native_threads/libhpi.so
7f6ffcba7000-7f6ffcbbe000 r-xp 00000000 07:00 145855                     /lib/libnsl-2.12.1.so
7f6ffcbbe000-7f6ffcdbd000 ---p 00017000 07:00 145855                     /lib/libnsl-2.12.1.so
7f6ffcdbd000-7f6ffcdbe000 r--p 00016000 07:00 145855                     /lib/libnsl-2.12.1.so
7f6ffcdbe000-7f6ffcdbf000 rw-p 00017000 07:00 145855                     /lib/libnsl-2.12.1.so
7f6ffcdbf000-7f6ffcdc1000 rw-p 00000000 00:00 0 
7f6ffcdc1000-7f6ffcdec000 r-xp 00000000 07:00 140446                     /usr/lib/jvm/java-6-openjdk/jre/lib/amd64/libjava.so
7f6ffcdec000-7f6ffcfeb000 ---p 0002b000 07:00 140446                     /usr/lib/jvm/java-6-openjdk/jre/lib/amd64/libjava.so
7f6ffcfeb000-7f6ffcfec000 r--p 0002a000 07:00 140446                     /usr/lib/jvm/java-6-openjdk/jre/lib/amd64/libjava.so
7f6ffcfec000-7f6ffcfef000 rw-p 0002b000 07:00 140446                     /usr/lib/jvm/java-6-openjdk/jre/lib/amd64/libjava.so
7f6ffcfef000-7f6ffcffd000 r-xp 00000000 07:00 140429                     /usr/lib/jvm/java-6-openjdk/jre/lib/amd64/libverify.so
7f6ffcffd000-7f6ffd1fc000 ---p 0000e000 07:00 140429                     /usr/lib/jvm/java-6-openjdk/jre/lib/amd64/libverify.so
7f6ffd1fc000-7f6ffd1fe000 r--p 0000d000 07:00 140429                     /usr/lib/jvm/java-6-openjdk/jre/lib/amd64/libverify.so
7f6ffd1fe000-7f6ffd1ff000 rw-p 0000f000 07:00 140429                     /usr/lib/jvm/java-6-openjdk/jre/lib/amd64/libverify.so
7f6ffd1ff000-7f6ffd206000 r-xp 00000000 07:00 130632                     /lib/librt-2.12.1.so
7f6ffd206000-7f6ffd405000 ---p 00007000 07:00 130632                     /lib/librt-2.12.1.so
7f6ffd405000-7f6ffd406000 r--p 00006000 07:00 130632                     /lib/librt-2.12.1.so
7f6ffd406000-7f6ffd407000 rw-p 00007000 07:00 130632                     /lib/librt-2.12.1.so
7f6ffd407000-7f6ffd489000 r-xp 00000000 07:00 145849                     /lib/libm-2.12.1.so
7f6ffd489000-7f6ffd688000 ---p 00082000 07:00 145849                     /lib/libm-2.12.1.so
7f6ffd688000-7f6ffd689000 r--p 00081000 07:00 145849                     /lib/libm-2.12.1.so
7f6ffd689000-7f6ffd68a000 rw-p 00082000 07:00 145849                     /lib/libm-2.12.1.so
7f6ffd68a000-7f6ffdefe000 r-xp 00000000 07:00 140454                     /usr/lib/jvm/java-6-openjdk/jre/lib/amd64/server/libjvm.so
7f6ffdefe000-7f6ffe0fd000 ---p 00874000 07:00 140454                     /usr/lib/jvm/java-6-openjdk/jre/lib/amd64/server/libjvm.so
7f6ffe0fd000-7f6ffe173000 r--p 00873000 07:00 140454                     /usr/lib/jvm/java-6-openjdk/jre/lib/amd64/server/libjvm.so
7f6ffe173000-7f6ffe18e000 rw-p 008e9000 07:00 140454                     /usr/lib/jvm/java-6-openjdk/jre/lib/amd64/server/libjvm.so
7f6ffe18e000-7f6ffe1c7000 rw-p 00000000 00:00 0 
7f6ffe1c7000-7f6ffe341000 r-xp 00000000 07:00 145842                     /lib/libc-2.12.1.so
7f6ffe341000-7f6ffe540000 ---p 0017a000 07:00 145842                     /lib/libc-2.12.1.so
7f6ffe540000-7f6ffe544000 r--p 00179000 07:00 145842                     /lib/libc-2.12.1.so
7f6ffe544000-7f6ffe545000 rw-p 0017d000 07:00 145842                     /lib/libc-2.12.1.so
7f6ffe545000-7f6ffe54a000 rw-p 00000000 00:00 0 
7f6ffe54a000-7f6ffe54c000 r-xp 00000000 07:00 145858                     /lib/libdl-2.12.1.so
7f6ffe54c000-7f6ffe74c000 ---p 00002000 07:00 145858                     /lib/libdl-2.12.1.so
7f6ffe74c000-7f6ffe74d000 r--p 00002000 07:00 145858                     /lib/libdl-2.12.1.so
7f6ffe74d000-7f6ffe74e000 rw-p 00003000 07:00 145858                     /lib/libdl-2.12.1.so
7f6ffe74e000-7f6ffe752000 r-xp 00000000 07:00 140425                     /usr/lib/jvm/java-6-openjdk/jre/lib/amd64/jli/libjli.so
7f6ffe752000-7f6ffe951000 ---p 00004000 07:00 140425                     /usr/lib/jvm/java-6-openjdk/jre/lib/amd64/jli/libjli.so
7f6ffe951000-7f6ffe952000 r--p 00003000 07:00 140425                     /usr/lib/jvm/java-6-openjdk/jre/lib/amd64/jli/libjli.so
7f6ffe952000-7f6ffe953000 rw-p 00004000 07:00 140425                     /usr/lib/jvm/java-6-openjdk/jre/lib/amd64/jli/libjli.so
7f6ffe953000-7f6ffe96b000 r-xp 00000000 07:00 145844                     /lib/libpthread-2.12.1.so
7f6ffe96b000-7f6ffeb6a000 ---p 00018000 07:00 145844                     /lib/libpthread-2.12.1.so
7f6ffeb6a000-7f6ffeb6b000 r--p 00017000 07:00 145844                     /lib/libpthread-2.12.1.so
7f6ffeb6b000-7f6ffeb6c000 rw-p 00018000 07:00 145844                     /lib/libpthread-2.12.1.so
7f6ffeb6c000-7f6ffeb70000 rw-p 00000000 00:00 0 
7f6ffeb70000-7f6ffeb86000 r-xp 00000000 07:00 130762                     /lib/libz.so.1.2.3.4
7f6ffeb86000-7f6ffed86000 ---p 00016000 07:00 130762                     /lib/libz.so.1.2.3.4
7f6ffed86000-7f6ffed87000 r--p 00016000 07:00 130762                     /lib/libz.so.1.2.3.4
7f6ffed87000-7f6ffed88000 rw-p 00017000 07:00 130762                     /lib/libz.so.1.2.3.4
7f6ffed88000-7f6ffeda8000 r-xp 00000000 07:00 145850                     /lib/ld-2.12.1.so
7f6ffeda8000-7f6ffedaa000 r--s 00008000 07:00 678808                     /usr/local/lib/play-1.1.1/framework/lib/signpost-core-1.2.jar
7f6ffedaa000-7f6ffedad000 r--s 0000f000 07:00 678782                     /usr/local/lib/play-1.1.1/framework/lib/hibernate-commons-annotations-3.2.0.Final.jar
7f6ffedad000-7f6ffedb4000 r--s 00059000 07:00 678801                     /usr/local/lib/play-1.1.1/framework/lib/log4j-1.2.15.jar
7f6ffedb4000-7f6ffedba000 r--s 00049000 07:00 678767                     /usr/local/lib/play-1.1.1/framework/lib/cglib-2.2.jar
7f6ffedba000-7f6ffedbc000 r--s 00015000 07:00 678793                     /usr/local/lib/play-1.1.1/framework/lib/jj-simplecaptcha.jar
7f6ffedbc000-7f6ffedbe000 r--s 00002000 07:00 678799                     /usr/local/lib/play-1.1.1/framework/lib/jta-1.1.jar
7f6ffedbe000-7f6ffedc5000 r--s 0006a000 07:00 678788                     /usr/local/lib/play-1.1.1/framework/lib/javamail-1.4.3.jar
7f6ffedc5000-7f6ffedd9000 rw-p 00000000 00:00 0 
7f6ffedd9000-7f6ffee85000 rw-p 00000000 00:00 0 
7f6ffee85000-7f6ffee88000 ---p 00000000 00:00 0 
7f6ffee88000-7f6ffef8b000 rw-p 00000000 00:00 0 
7f6ffef8b000-7f6ffef8e000 r--s 00022000 07:00 678787                     /usr/local/lib/play-1.1.1/framework/lib/jamon-2.7.jar
7f6ffef8e000-7f6ffef8f000 r--s 00007000 07:00 678771                     /usr/local/lib/play-1.1.1/framework/lib/commons-email-1.2.jar
7f6ffef8f000-7f6ffef90000 rw-p 00000000 00:00 0 
7f6ffef90000-7f6ffef94000 r--s 0007c000 07:00 139425                     /usr/lib/jvm/java-6-openjdk/jre/lib/jsse.jar
7f6ffef94000-7f6ffef9c000 r--s 0008c000 07:00 678814                     /usr/local/lib/play-1.1.1/framework/play.jar
7f6ffef9c000-7f6ffefa4000 rw-s 00000000 07:00 1076348                    /tmp/hsperfdata_hisham/10210
7f6ffefa4000-7f6ffefa5000 rw-p 00000000 00:00 0 
7f6ffefa5000-7f6ffefa6000 r--p 00000000 00:00 0 
7f6ffefa6000-7f6ffefa8000 rw-p 00000000 00:00 0 
7f6ffefa8000-7f6ffefa9000 r--p 00020000 07:00 145850                     /lib/ld-2.12.1.so
7f6ffefa9000-7f6ffefaa000 rw-p 00021000 07:00 145850                     /lib/ld-2.12.1.so
7f6ffefaa000-7f6ffefab000 rw-p 00000000 00:00 0 
7fff5f120000-7fff5f142000 rw-p 00000000 00:00 0                          [stack]
7fff5f1f9000-7fff5f1fa000 r-xp 00000000 00:00 0                          [vdso]
ffffffffff600000-ffffffffff601000 r-xp 00000000 00:00 0                  [vsyscall]

VM Arguments:
jvm_args: -javaagent:/usr/local/lib/play-1.1.1/framework/play.jar -Dplay.debug=yes -Xrunjdwp:transport=dt_socket,address=8000,server=y,suspend=n -Xdebug -Dapplication.path=/home/hisham/Projects/Java/blog -Dplay.id= 
java_command: play.server.Server 
Launcher Type: SUN_STANDARD

Environment Variables:
PATH=/usr/local/sbin:/usr/local/bin:/usr/sbin:/usr/bin:/sbin:/bin:/usr/games
USERNAME=hisham
LD_LIBRARY_PATH=/usr/lib/jvm/java-6-openjdk/jre/lib/amd64/server:/usr/lib/jvm/java-6-openjdk/jre/lib/amd64:/usr/lib/jvm/java-6-openjdk/jre/../lib/amd64
SHELL=/bin/bash
DISPLAY=:0.0

Signal Handlers:
SIGSEGV: [libjvm.so+0x712740], sa_mask[0]=0x7ffbfeff, sa_flags=0x10000004
SIGBUS: [libjvm.so+0x712740], sa_mask[0]=0x7ffbfeff, sa_flags=0x10000004
SIGFPE: [libjvm.so+0x5d4060], sa_mask[0]=0x7ffbfeff, sa_flags=0x10000004
SIGPIPE: [libjvm.so+0x5d4060], sa_mask[0]=0x7ffbfeff, sa_flags=0x10000004
SIGXFSZ: [libjvm.so+0x5d4060], sa_mask[0]=0x7ffbfeff, sa_flags=0x10000004
SIGILL: [libjvm.so+0x5d4060], sa_mask[0]=0x7ffbfeff, sa_flags=0x10000004
SIGUSR1: SIG_DFL, sa_mask[0]=0x00000000, sa_flags=0x00000000
SIGUSR2: [libjvm.so+0x5d3770], sa_mask[0]=0x00000000, sa_flags=0x10000004
SIGHUP: [libjvm.so+0x5d61e0], sa_mask[0]=0x7ffbfeff, sa_flags=0x10000004
SIGINT: [libjvm.so+0x5d61e0], sa_mask[0]=0x7ffbfeff, sa_flags=0x10000004
SIGTERM: [libjvm.so+0x5d61e0], sa_mask[0]=0x7ffbfeff, sa_flags=0x10000004
SIGQUIT: [libjvm.so+0x5d61e0], sa_mask[0]=0x7ffbfeff, sa_flags=0x10000004


---------------  S Y S T E M  ---------------

OS:Ubuntu 10.10 (maverick)
uname:Linux 2.6.35-25-generic #44-Ubuntu SMP Fri Jan 21 17:40:44 UTC 2011 x86_64
libc:glibc 2.12.1 NPTL 2.12.1 
rlimit: STACK 8192k, CORE 0k, NPROC infinity, NOFILE 1024, AS infinity
load average:0.84 0.97 0.97

/proc/meminfo:
MemTotal:        4024212 kB
MemFree:           54756 kB
Buffers:          783668 kB
Cached:          1238960 kB
SwapCached:            0 kB
Active:          2248388 kB
Inactive:        1429632 kB
Active(anon):    1328388 kB
Inactive(anon):   431092 kB
Active(file):     920000 kB
Inactive(file):   998540 kB
Unevictable:        2428 kB
Mlocked:              32 kB
SwapTotal:        261116 kB
SwapFree:         261116 kB
Dirty:               580 kB
Writeback:             0 kB
AnonPages:       1657696 kB
Mapped:           140280 kB
Shmem:            101692 kB
Slab:             116240 kB
SReclaimable:      86652 kB
SUnreclaim:        29588 kB
KernelStack:        3440 kB
PageTables:        34540 kB
NFS_Unstable:          0 kB
Bounce:                0 kB
WritebackTmp:          0 kB
CommitLimit:     2273220 kB
Committed_AS:    4365088 kB
VmallocTotal:   34359738367 kB
VmallocUsed:      629056 kB
VmallocChunk:   34359032044 kB
HardwareCorrupted:     0 kB
HugePages_Total:       0
HugePages_Free:        0
HugePages_Rsvd:        0
HugePages_Surp:        0
Hugepagesize:       2048 kB
DirectMap4k:        9664 kB
DirectMap2M:     4149248 kB


CPU:total 2 (2 cores per cpu, 1 threads per core) family 6 model 23 stepping 10, cmov, cx8, fxsr, mmx, sse, sse2, sse3, ssse3, sse4.1

Memory: 4k page, physical 4024212k(54756k free), swap 261116k(261116k free)

vm_info: OpenJDK 64-Bit Server VM (19.0-b09) for linux-amd64 JRE (1.6.0_20-b20), built on Jan 27 2011 21:59:04 by "buildd" with gcc 4.4.5

time: Wed Feb 23 06:31:28 2011
elapsed time: 232 seconds

